<?xml version="1.0" encoding="UTF-8"?>
<!-- Generated by org.testng.reporters.JUnitReportReporter -->
<testsuite skipped="1" hostname="LAPTOP-3M5A5R3N" name="app.pp.SignInTest" tests="4" failures="0" timestamp="23 Feb 2019 01:48:56 GMT" time="3.438" errors="0">
  <testcase name="verifyPagetitle" time="0.022" classname="app.pp.SignInTest"/>
  <testcase name="isLogoimageDisplayed" time="0.042" classname="app.pp.SignInTest"/>
  <testcase name="fillLogindetails" time="3.374" classname="app.pp.SignInTest"/>
  <testcase name="loginWithInValidemail" classname="app.pp.SignInTest">
    <skipped/>
  </testcase> <!-- loginWithInValidemail -->
</testsuite> <!-- app.pp.SignInTest -->
