<?xml version="1.0" encoding="UTF-8"?>
<!-- Generated by org.testng.reporters.JUnitReportReporter -->
<testsuite skipped="2" hostname="LAPTOP-3M5A5R3N" name="app.pp.TeamPlanningTestPage" tests="9" failures="0" timestamp="23 Feb 2019 01:57:18 GMT" time="4.276" errors="0">
  <testcase name="clickMenubutton" time="2.405" classname="app.pp.TeamPlanningTestPage"/>
  <testcase name="isTeamplanningButtonclicked" time="0.445" classname="app.pp.TeamPlanningTestPage"/>
  <testcase name="isAddnewButtonDisplayed" time="0.994" classname="app.pp.TeamPlanningTestPage"/>
  <testcase name="isFilterButtonisDisplayed" time="0.148" classname="app.pp.TeamPlanningTestPage"/>
  <testcase name="isSelectdDropdownListPresent" time="0.041" classname="app.pp.TeamPlanningTestPage"/>
  <testcase name="isAddNewbuttonClicked" time="0.133" classname="app.pp.TeamPlanningTestPage"/>
  <testcase name="isAddwithDetailsButtonclicked" time="0.110" classname="app.pp.TeamPlanningTestPage"/>
  <testcase name="verifyText" classname="app.pp.TeamPlanningTestPage">
    <skipped/>
  </testcase> <!-- verifyText -->
  <testcase name="isStorytypeSelected" classname="app.pp.TeamPlanningTestPage">
    <skipped/>
  </testcase> <!-- isStorytypeSelected -->
</testsuite> <!-- app.pp.TeamPlanningTestPage -->
