<?xml version="1.0" encoding="UTF-8"?>
<!-- Generated by org.testng.reporters.JUnitReportReporter -->
<testsuite skipped="1" hostname="LAPTOP-3M5A5R3N" name="app.pp.TeamPlanningTest" tests="2" failures="0" timestamp="21 Feb 2019 20:45:44 GMT" time="1.195" errors="0">
  <testcase name="clickMenubutton" time="1.195" classname="app.pp.TeamPlanningTest"/>
  <testcase name="isStorytypeSelected" classname="app.pp.TeamPlanningTest">
    <skipped/>
  </testcase> <!-- isStorytypeSelected -->
</testsuite> <!-- app.pp.TeamPlanningTest -->
