<?xml version="1.0" encoding="UTF-8"?>
<!-- Generated by org.testng.reporters.JUnitReportReporter -->
<testsuite skipped="1" hostname="LAPTOP-3M5A5R3N" name="app.pp.HomepageTest" tests="2" failures="0" timestamp="22 Feb 2019 22:44:08 GMT" time="2.825" errors="0">
  <testcase name="verifySuccessfulLogin" time="2.825" classname="app.pp.HomepageTest"/>
  <testcase name="verifyText" classname="app.pp.HomepageTest">
    <skipped/>
  </testcase> <!-- verifyText -->
</testsuite> <!-- app.pp.HomepageTest -->
